  [1m[35m (101.3ms)[0m  [1m[35mCREATE DATABASE "wedding_store_backend_development" ENCODING = 'unicode' /*application='WeddingStoreBackend'*/[0m
  [1m[35mSQL (0.1ms)[0m  [1m[35mSET search_path TO public /*application='WeddingStoreBackend'*/[0m
  [1m[35m (142.4ms)[0m  [1m[35mCREATE DATABASE "wedding_store_backend_development" ENCODING = 'unicode' /*application='WeddingStoreBackend'*/[0m
  [1m[35m (101.4ms)[0m  [1m[35mCREATE DATABASE "wedding_store_backend_test" ENCODING = 'unicode' /*application='WeddingStoreBackend'*/[0m
  [1m[35mSQL (0.1ms)[0m  [1m[35mSET search_path TO public /*application='WeddingStoreBackend'*/[0m
  [1m[35m (28.7ms)[0m  [1m[35mCREATE DATABASE "wedding_store_backend_development" ENCODING = 'unicode' /*application='WeddingStoreBackend'*/[0m
  [1m[35m (2.5ms)[0m  [1m[35mCREATE TABLE "schema_migrations" ("version" character varying NOT NULL PRIMARY KEY) /*application='WeddingStoreBackend'*/[0m
  [1m[35m (1.4ms)[0m  [1m[35mCREATE TABLE "ar_internal_metadata" ("key" character varying NOT NULL PRIMARY KEY, "value" character varying, "created_at" timestamp(6) NOT NULL, "updated_at" timestamp(6) NOT NULL) /*application='WeddingStoreBackend'*/[0m
  [1m[35m (0.1ms)[0m  [1m[34mSELECT pg_try_advisory_lock(3783544589030964765) /*application='WeddingStoreBackend'*/[0m
  [1m[36mActiveRecord::SchemaMigration Load (1.0ms)[0m  [1m[34mSELECT "schema_migrations"."version" FROM "schema_migrations" ORDER BY "schema_migrations"."version" ASC /*application='WeddingStoreBackend'*/[0m
  [1m[36mActiveRecord::InternalMetadata Load (0.7ms)[0m  [1m[34mSELECT * FROM "ar_internal_metadata" WHERE "ar_internal_metadata"."key" = 'environment' ORDER BY "ar_internal_metadata"."key" ASC LIMIT 1 /*application='WeddingStoreBackend'*/[0m
  [1m[36mActiveRecord::InternalMetadata Create (0.7ms)[0m  [1m[32mINSERT INTO "ar_internal_metadata" ("key", "value", "created_at", "updated_at") VALUES ('environment', 'development', '2026-02-27 07:10:07.427173', '2026-02-27 07:10:07.427175') RETURNING "key" /*application='WeddingStoreBackend'*/[0m
Migrating to CreateUsers (20260227070858)
  [1m[36mTRANSACTION (0.2ms)[0m  [1m[35mBEGIN /*application='WeddingStoreBackend'*/[0m
  [1m[35m (2.6ms)[0m  [1m[35mCREATE TABLE "users" ("id" bigserial primary key, "email" character varying, "password_digest" character varying, "role" integer, "created_at" timestamp(6) NOT NULL, "updated_at" timestamp(6) NOT NULL) /*application='WeddingStoreBackend'*/[0m
  [1m[35m (0.6ms)[0m  [1m[35mCREATE INDEX "index_users_on_email" ON "users" ("email") /*application='WeddingStoreBackend'*/[0m
  [1m[36mActiveRecord::SchemaMigration Create (0.4ms)[0m  [1m[32mINSERT INTO "schema_migrations" ("version") VALUES ('20260227070858') RETURNING "version" /*application='WeddingStoreBackend'*/[0m
  [1m[36mTRANSACTION (0.5ms)[0m  [1m[35mCOMMIT /*application='WeddingStoreBackend'*/[0m
Migrating to CreateRentalBookings (20260227070900)
  [1m[36mTRANSACTION (0.2ms)[0m  [1m[35mBEGIN /*application='WeddingStoreBackend'*/[0m
  [1m[35m (4.0ms)[0m  [1m[35mCREATE TABLE "rental_bookings" ("id" bigserial primary key, "order_item_id" bigint NOT NULL, "product_id" bigint NOT NULL, "start_date" date, "end_date" date, "size" character varying, "status" character varying, "created_at" timestamp(6) NOT NULL, "updated_at" timestamp(6) NOT NULL, CONSTRAINT "fk_rails_08742441c4"
FOREIGN KEY ("order_item_id")
  REFERENCES "order_items" ("id")
, CONSTRAINT "fk_rails_0e561213b5"
FOREIGN KEY ("product_id")
  REFERENCES "products" ("id")
) /*application='WeddingStoreBackend'*/[0m
  [1m[36mTRANSACTION (0.2ms)[0m  [1m[31mROLLBACK /*application='WeddingStoreBackend'*/[0m
  [1m[35m (0.2ms)[0m  [1m[34mSELECT pg_advisory_unlock(3783544589030964765) /*application='WeddingStoreBackend'*/[0m
  [1m[35m (0.1ms)[0m  [1m[34mSELECT pg_try_advisory_lock(3783544589030964765) /*application='WeddingStoreBackend'*/[0m
  [1m[36mActiveRecord::SchemaMigration Load (0.7ms)[0m  [1m[34mSELECT "schema_migrations"."version" FROM "schema_migrations" ORDER BY "schema_migrations"."version" ASC /*application='WeddingStoreBackend'*/[0m
  [1m[36mActiveRecord::InternalMetadata Load (0.8ms)[0m  [1m[34mSELECT * FROM "ar_internal_metadata" WHERE "ar_internal_metadata"."key" = 'environment' ORDER BY "ar_internal_metadata"."key" ASC LIMIT 1 /*application='WeddingStoreBackend'*/[0m
Migrating to CreateUsers (20260227071036)
  [1m[36mTRANSACTION (0.1ms)[0m  [1m[35mBEGIN /*application='WeddingStoreBackend'*/[0m
  [1m[35m (2.9ms)[0m  [1m[35mCREATE TABLE "users" ("id" bigserial primary key, "email" character varying, "password_digest" character varying, "role" integer, "created_at" timestamp(6) NOT NULL, "updated_at" timestamp(6) NOT NULL) /*application='WeddingStoreBackend'*/[0m
  [1m[36mTRANSACTION (0.2ms)[0m  [1m[31mROLLBACK /*application='WeddingStoreBackend'*/[0m
  [1m[35m (0.2ms)[0m  [1m[34mSELECT pg_advisory_unlock(3783544589030964765) /*application='WeddingStoreBackend'*/[0m
  [1m[36mActiveRecord::SchemaMigration Load (0.7ms)[0m  [1m[34mSELECT "schema_migrations"."version" FROM "schema_migrations" ORDER BY "schema_migrations"."version" ASC /*application='WeddingStoreBackend'*/[0m
  [1m[36mActiveRecord::InternalMetadata Load (0.5ms)[0m  [1m[34mSELECT * FROM "ar_internal_metadata" WHERE "ar_internal_metadata"."key" = 'environment' ORDER BY "ar_internal_metadata"."key" ASC LIMIT 1 /*application='WeddingStoreBackend'*/[0m
  [1m[36mActiveRecord::SchemaMigration Load (0.3ms)[0m  [1m[34mSELECT "schema_migrations"."version" FROM "schema_migrations" ORDER BY "schema_migrations"."version" ASC /*application='WeddingStoreBackend'*/[0m
  [1m[36mActiveRecord::InternalMetadata Load (0.5ms)[0m  [1m[34mSELECT * FROM "ar_internal_metadata" WHERE "ar_internal_metadata"."key" = 'environment' ORDER BY "ar_internal_metadata"."key" ASC LIMIT 1 /*application='WeddingStoreBackend'*/[0m
  [1m[36mActiveRecord::SchemaMigration Load (0.2ms)[0m  [1m[34mSELECT "schema_migrations"."version" FROM "schema_migrations" ORDER BY "schema_migrations"."version" ASC /*application='WeddingStoreBackend'*/[0m
  [1m[36mActiveRecord::InternalMetadata Load (0.3ms)[0m  [1m[34mSELECT * FROM "ar_internal_metadata" WHERE "ar_internal_metadata"."key" = 'environment' ORDER BY "ar_internal_metadata"."key" ASC LIMIT 1 /*application='WeddingStoreBackend'*/[0m
  [1m[35mSQL (0.1ms)[0m  [1m[35mSET search_path TO public /*application='WeddingStoreBackend'*/[0m
  [1m[35m (34.4ms)[0m  [1m[35mDROP DATABASE IF EXISTS "wedding_store_backend_development" /*application='WeddingStoreBackend'*/[0m
  [1m[35mSQL (0.1ms)[0m  [1m[35mSET search_path TO public /*application='WeddingStoreBackend'*/[0m
  [1m[35m (38.9ms)[0m  [1m[35mCREATE DATABASE "wedding_store_backend_development" ENCODING = 'unicode' /*application='WeddingStoreBackend'*/[0m
  [1m[35m (2.3ms)[0m  [1m[35mCREATE TABLE "schema_migrations" ("version" character varying NOT NULL PRIMARY KEY) /*application='WeddingStoreBackend'*/[0m
  [1m[35m (1.5ms)[0m  [1m[35mCREATE TABLE "ar_internal_metadata" ("key" character varying NOT NULL PRIMARY KEY, "value" character varying, "created_at" timestamp(6) NOT NULL, "updated_at" timestamp(6) NOT NULL) /*application='WeddingStoreBackend'*/[0m
  [1m[35m (0.2ms)[0m  [1m[34mSELECT pg_try_advisory_lock(3783544589030964765) /*application='WeddingStoreBackend'*/[0m
  [1m[36mActiveRecord::SchemaMigration Load (1.0ms)[0m  [1m[34mSELECT "schema_migrations"."version" FROM "schema_migrations" ORDER BY "schema_migrations"."version" ASC /*application='WeddingStoreBackend'*/[0m
  [1m[36mActiveRecord::InternalMetadata Load (0.6ms)[0m  [1m[34mSELECT * FROM "ar_internal_metadata" WHERE "ar_internal_metadata"."key" = 'environment' ORDER BY "ar_internal_metadata"."key" ASC LIMIT 1 /*application='WeddingStoreBackend'*/[0m
  [1m[36mActiveRecord::InternalMetadata Create (0.8ms)[0m  [1m[32mINSERT INTO "ar_internal_metadata" ("key", "value", "created_at", "updated_at") VALUES ('environment', 'development', '2026-02-27 07:11:01.808292', '2026-02-27 07:11:01.808295') RETURNING "key" /*application='WeddingStoreBackend'*/[0m
Migrating to CreateUsers (20260227071036)
  [1m[36mTRANSACTION (0.4ms)[0m  [1m[35mBEGIN /*application='WeddingStoreBackend'*/[0m
  [1m[35m (4.0ms)[0m  [1m[35mCREATE TABLE "users" ("id" bigserial primary key, "email" character varying, "password_digest" character varying, "role" integer, "created_at" timestamp(6) NOT NULL, "updated_at" timestamp(6) NOT NULL) /*application='WeddingStoreBackend'*/[0m
  [1m[35m (0.7ms)[0m  [1m[35mCREATE INDEX "index_users_on_email" ON "users" ("email") /*application='WeddingStoreBackend'*/[0m
  [1m[36mActiveRecord::SchemaMigration Create (0.4ms)[0m  [1m[32mINSERT INTO "schema_migrations" ("version") VALUES ('20260227071036') RETURNING "version" /*application='WeddingStoreBackend'*/[0m
  [1m[36mTRANSACTION (0.5ms)[0m  [1m[35mCOMMIT /*application='WeddingStoreBackend'*/[0m
Migrating to CreateProducts (20260227071037)
  [1m[36mTRANSACTION (0.2ms)[0m  [1m[35mBEGIN /*application='WeddingStoreBackend'*/[0m
  [1m[35m (3.4ms)[0m  [1m[35mCREATE TABLE "products" ("id" bigserial primary key, "name" character varying, "description" text, "product_type" character varying, "rent_price" decimal, "sale_price" decimal, "security_deposit" decimal, "total_quantity" integer, "sizes" jsonb, "active" boolean, "created_at" timestamp(6) NOT NULL, "updated_at" timestamp(6) NOT NULL) /*application='WeddingStoreBackend'*/[0m
  [1m[36mActiveRecord::SchemaMigration Create (0.9ms)[0m  [1m[32mINSERT INTO "schema_migrations" ("version") VALUES ('20260227071037') RETURNING "version" /*application='WeddingStoreBackend'*/[0m
  [1m[36mTRANSACTION (0.9ms)[0m  [1m[35mCOMMIT /*application='WeddingStoreBackend'*/[0m
Migrating to CreateOrders (20260227071039)
  [1m[36mTRANSACTION (0.3ms)[0m  [1m[35mBEGIN /*application='WeddingStoreBackend'*/[0m
  [1m[35m (3.2ms)[0m  [1m[35mCREATE TABLE "orders" ("id" bigserial primary key, "user_id" bigint NOT NULL, "status" character varying, "total_price" decimal, "deposit_total" decimal, "address" text, "created_at" timestamp(6) NOT NULL, "updated_at" timestamp(6) NOT NULL, CONSTRAINT "fk_rails_f868b47f6a"
FOREIGN KEY ("user_id")
  REFERENCES "users" ("id")
) /*application='WeddingStoreBackend'*/[0m
  [1m[35m (0.5ms)[0m  [1m[35mCREATE INDEX "index_orders_on_user_id" ON "orders" ("user_id") /*application='WeddingStoreBackend'*/[0m
  [1m[36mActiveRecord::SchemaMigration Create (0.4ms)[0m  [1m[32mINSERT INTO "schema_migrations" ("version") VALUES ('20260227071039') RETURNING "version" /*application='WeddingStoreBackend'*/[0m
  [1m[36mTRANSACTION (0.8ms)[0m  [1m[35mCOMMIT /*application='WeddingStoreBackend'*/[0m
Migrating to CreateOrderItems (20260227071040)
  [1m[36mTRANSACTION (0.2ms)[0m  [1m[35mBEGIN /*application='WeddingStoreBackend'*/[0m
  [1m[35m (2.8ms)[0m  [1m[35mCREATE TABLE "order_items" ("id" bigserial primary key, "order_id" bigint NOT NULL, "product_id" bigint NOT NULL, "quantity" integer, "price" decimal, "size" character varying, "created_at" timestamp(6) NOT NULL, "updated_at" timestamp(6) NOT NULL, CONSTRAINT "fk_rails_e3cb28f071"
FOREIGN KEY ("order_id")
  REFERENCES "orders" ("id")
, CONSTRAINT "fk_rails_f1a29ddd47"
FOREIGN KEY ("product_id")
  REFERENCES "products" ("id")
) /*application='WeddingStoreBackend'*/[0m
  [1m[35m (0.7ms)[0m  [1m[35mCREATE INDEX "index_order_items_on_order_id" ON "order_items" ("order_id") /*application='WeddingStoreBackend'*/[0m
  [1m[35m (1.1ms)[0m  [1m[35mCREATE INDEX "index_order_items_on_product_id" ON "order_items" ("product_id") /*application='WeddingStoreBackend'*/[0m
  [1m[36mActiveRecord::SchemaMigration Create (0.7ms)[0m  [1m[32mINSERT INTO "schema_migrations" ("version") VALUES ('20260227071040') RETURNING "version" /*application='WeddingStoreBackend'*/[0m
  [1m[36mTRANSACTION (0.6ms)[0m  [1m[35mCOMMIT /*application='WeddingStoreBackend'*/[0m
Migrating to CreateRentalBookings (20260227071041)
  [1m[36mTRANSACTION (0.2ms)[0m  [1m[35mBEGIN /*application='WeddingStoreBackend'*/[0m
  [1m[35m (3.0ms)[0m  [1m[35mCREATE TABLE "rental_bookings" ("id" bigserial primary key, "order_item_id" bigint NOT NULL, "product_id" bigint NOT NULL, "start_date" date, "end_date" date, "size" character varying, "status" character varying, "created_at" timestamp(6) NOT NULL, "updated_at" timestamp(6) NOT NULL, CONSTRAINT "fk_rails_08742441c4"
FOREIGN KEY ("order_item_id")
  REFERENCES "order_items" ("id")
, CONSTRAINT "fk_rails_0e561213b5"
FOREIGN KEY ("product_id")
  REFERENCES "products" ("id")
) /*application='WeddingStoreBackend'*/[0m
  [1m[35m (0.8ms)[0m  [1m[35mCREATE INDEX "index_rental_bookings_on_order_item_id" ON "rental_bookings" ("order_item_id") /*application='WeddingStoreBackend'*/[0m
  [1m[35m (0.9ms)[0m  [1m[35mCREATE INDEX "index_rental_bookings_on_product_id" ON "rental_bookings" ("product_id") /*application='WeddingStoreBackend'*/[0m
  [1m[35m (0.8ms)[0m  [1m[35mCREATE INDEX "index_rental_bookings_on_start_date" ON "rental_bookings" ("start_date") /*application='WeddingStoreBackend'*/[0m
  [1m[35m (0.6ms)[0m  [1m[35mCREATE INDEX "index_rental_bookings_on_end_date" ON "rental_bookings" ("end_date") /*application='WeddingStoreBackend'*/[0m
  [1m[36mActiveRecord::SchemaMigration Create (0.3ms)[0m  [1m[32mINSERT INTO "schema_migrations" ("version") VALUES ('20260227071041') RETURNING "version" /*application='WeddingStoreBackend'*/[0m
  [1m[36mTRANSACTION (0.7ms)[0m  [1m[35mCOMMIT /*application='WeddingStoreBackend'*/[0m
  [1m[35m (0.5ms)[0m  [1m[34mSELECT pg_advisory_unlock(3783544589030964765) /*application='WeddingStoreBackend'*/[0m
  [1m[36mActiveRecord::SchemaMigration Load (0.3ms)[0m  [1m[34mSELECT "schema_migrations"."version" FROM "schema_migrations" ORDER BY "schema_migrations"."version" ASC /*application='WeddingStoreBackend'*/[0m
  [1m[36mActiveRecord::SchemaMigration Load (0.9ms)[0m  [1m[34mSELECT "schema_migrations"."version" FROM "schema_migrations" ORDER BY "schema_migrations"."version" ASC /*application='WeddingStoreBackend'*/[0m
  [1m[36mTRANSACTION (0.3ms)[0m  [1m[35mBEGIN /*application='WeddingStoreBackend'*/[0m
  [1m[36mUser Exists? (1.7ms)[0m  [1m[34mSELECT 1 AS one FROM "users" WHERE "users"."email" = 'admin@wedding.com' LIMIT 1 /*application='WeddingStoreBackend'*/[0m
  [1m[36mUser Create (0.6ms)[0m  [1m[32mINSERT INTO "users" ("email", "password_digest", "role", "created_at", "updated_at") VALUES ('admin@wedding.com', '$2a$12$njmHFRg8gMc1KCjfJjnqjeVgp78SrQ9dRNaVVm3LESZd9NL2.Cj3y', 1, '2026-02-27 07:14:49.412826', '2026-02-27 07:14:49.412826') RETURNING "id" /*application='WeddingStoreBackend'*/[0m
  [1m[36mTRANSACTION (0.6ms)[0m  [1m[35mCOMMIT /*application='WeddingStoreBackend'*/[0m
  [1m[36mTRANSACTION (0.3ms)[0m  [1m[35mBEGIN /*application='WeddingStoreBackend'*/[0m
  [1m[36mUser Exists? (1.3ms)[0m  [1m[34mSELECT 1 AS one FROM "users" WHERE "users"."email" = 'customer@test.com' LIMIT 1 /*application='WeddingStoreBackend'*/[0m
  [1m[36mUser Create (0.2ms)[0m  [1m[32mINSERT INTO "users" ("email", "password_digest", "role", "created_at", "updated_at") VALUES ('customer@test.com', '$2a$12$gSXWFJEwT49QDrCYYQ79POGcFDvMBgbHnUtC/tVpXji/1PK6p32Je', 0, '2026-02-27 07:14:49.651209', '2026-02-27 07:14:49.651209') RETURNING "id" /*application='WeddingStoreBackend'*/[0m
  [1m[36mTRANSACTION (0.5ms)[0m  [1m[35mCOMMIT /*application='WeddingStoreBackend'*/[0m
  [1m[36mTRANSACTION (0.3ms)[0m  [1m[35mBEGIN /*application='WeddingStoreBackend'*/[0m
  [1m[36mProduct Create (1.8ms)[0m  [1m[32mINSERT INTO "products" ("name", "description", "product_type", "rent_price", "sale_price", "security_deposit", "total_quantity", "sizes", "active", "created_at", "updated_at") VALUES ('Velvet Royal Sherwani', 'A premium velvet sherwani with intricate gold embroidery. Perfect for wedding receptions.', 'BOTH', 5000.0, 25000.0, 10000.0, 5, '["S","M","L","XL"]', TRUE, '2026-02-27 07:14:49.674357', '2026-02-27 07:14:49.674357') RETURNING "id" /*application='WeddingStoreBackend'*/[0m
  [1m[36mTRANSACTION (0.6ms)[0m  [1m[35mCOMMIT /*application='WeddingStoreBackend'*/[0m
  [1m[36mTRANSACTION (0.1ms)[0m  [1m[35mBEGIN /*application='WeddingStoreBackend'*/[0m
  [1m[36mProduct Create (1.6ms)[0m  [1m[32mINSERT INTO "products" ("name", "description", "product_type", "rent_price", "sale_price", "security_deposit", "total_quantity", "sizes", "active", "created_at", "updated_at") VALUES ('Midnight Blue Lehenga', 'Stunning midnight blue lehenga with silver mirror work. Includes dupatta and blouse.', 'RENT', 7000.0, NULL, 15000.0, 3, '["M","L"]', TRUE, '2026-02-27 07:14:49.679004', '2026-02-27 07:14:49.679004') RETURNING "id" /*application='WeddingStoreBackend'*/[0m
  [1m[36mTRANSACTION (0.5ms)[0m  [1m[35mCOMMIT /*application='WeddingStoreBackend'*/[0m
  [1m[36mTRANSACTION (0.1ms)[0m  [1m[35mBEGIN /*application='WeddingStoreBackend'*/[0m
  [1m[36mProduct Create (1.0ms)[0m  [1m[32mINSERT INTO "products" ("name", "description", "product_type", "rent_price", "sale_price", "security_deposit", "total_quantity", "sizes", "active", "created_at", "updated_at") VALUES ('Classic White Tuxedo', 'Modern fit white tuxedo with black lapels. Includes jacket and trousers.', 'BOTH', 3500.0, 15000.0, 5000.0, 10, '["S","M","L","XL","XXL"]', TRUE, '2026-02-27 07:14:49.682951', '2026-02-27 07:14:49.682951') RETURNING "id" /*application='WeddingStoreBackend'*/[0m
  [1m[36mTRANSACTION (0.5ms)[0m  [1m[35mCOMMIT /*application='WeddingStoreBackend'*/[0m
  [1m[36mTRANSACTION (0.1ms)[0m  [1m[35mBEGIN /*application='WeddingStoreBackend'*/[0m
  [1m[36mProduct Create (1.1ms)[0m  [1m[32mINSERT INTO "products" ("name", "description", "product_type", "rent_price", "sale_price", "security_deposit", "total_quantity", "sizes", "active", "created_at", "updated_at") VALUES ('Pink Floral Saree', 'Elegant pink floral saree in georgette. Comes with stitched blouse.', 'SELL', NULL, 8000.0, NULL, 20, '["Free"]', TRUE, '2026-02-27 07:14:49.686207', '2026-02-27 07:14:49.686207') RETURNING "id" /*application='WeddingStoreBackend'*/[0m
  [1m[36mTRANSACTION (0.4ms)[0m  [1m[35mCOMMIT /*application='WeddingStoreBackend'*/[0m
  [1m[36mUser Count (0.3ms)[0m  [1m[34mSELECT COUNT(*) FROM "users" /*application='WeddingStoreBackend'*/[0m
  [1m[36mProduct Count (0.2ms)[0m  [1m[34mSELECT COUNT(*) FROM "products" /*application='WeddingStoreBackend'*/[0m
  [1m[35m (0.1ms)[0m  [1m[34mSELECT pg_try_advisory_lock(3783544589030964765) /*application='WeddingStoreBackend'*/[0m
  [1m[36mActiveRecord::SchemaMigration Load (0.5ms)[0m  [1m[34mSELECT "schema_migrations"."version" FROM "schema_migrations" ORDER BY "schema_migrations"."version" ASC /*application='WeddingStoreBackend'*/[0m
  [1m[36mActiveRecord::InternalMetadata Load (0.7ms)[0m  [1m[34mSELECT * FROM "ar_internal_metadata" WHERE "ar_internal_metadata"."key" = 'environment' ORDER BY "ar_internal_metadata"."key" ASC LIMIT 1 /*application='WeddingStoreBackend'*/[0m
Migrating to CreateAddresses (20260227071622)
  [1m[36mTRANSACTION (0.2ms)[0m  [1m[35mBEGIN /*application='WeddingStoreBackend'*/[0m
  [1m[35m (2.4ms)[0m  [1m[35mCREATE TABLE "addresses" ("id" bigserial primary key, "user_id" bigint NOT NULL, "street" character varying, "city" character varying, "state" character varying, "zip" character varying, "created_at" timestamp(6) NOT NULL, "updated_at" timestamp(6) NOT NULL, CONSTRAINT "fk_rails_48c9e0c5a2"
FOREIGN KEY ("user_id")
  REFERENCES "users" ("id")
) /*application='WeddingStoreBackend'*/[0m
  [1m[35m (0.6ms)[0m  [1m[35mCREATE INDEX "index_addresses_on_user_id" ON "addresses" ("user_id") /*application='WeddingStoreBackend'*/[0m
  [1m[36mActiveRecord::SchemaMigration Create (0.3ms)[0m  [1m[32mINSERT INTO "schema_migrations" ("version") VALUES ('20260227071622') RETURNING "version" /*application='WeddingStoreBackend'*/[0m
  [1m[36mTRANSACTION (1.0ms)[0m  [1m[35mCOMMIT /*application='WeddingStoreBackend'*/[0m
Migrating to CreatePayments (20260227071623)
  [1m[36mTRANSACTION (0.3ms)[0m  [1m[35mBEGIN /*application='WeddingStoreBackend'*/[0m
  [1m[35m (2.8ms)[0m  [1m[35mCREATE TABLE "payments" ("id" bigserial primary key, "order_id" bigint NOT NULL, "amount" decimal, "status" character varying, "transaction_id" character varying, "created_at" timestamp(6) NOT NULL, "updated_at" timestamp(6) NOT NULL, CONSTRAINT "fk_rails_6af949464b"
FOREIGN KEY ("order_id")
  REFERENCES "orders" ("id")
) /*application='WeddingStoreBackend'*/[0m
  [1m[35m (0.6ms)[0m  [1m[35mCREATE INDEX "index_payments_on_order_id" ON "payments" ("order_id") /*application='WeddingStoreBackend'*/[0m
  [1m[36mActiveRecord::SchemaMigration Create (0.2ms)[0m  [1m[32mINSERT INTO "schema_migrations" ("version") VALUES ('20260227071623') RETURNING "version" /*application='WeddingStoreBackend'*/[0m
  [1m[36mTRANSACTION (0.5ms)[0m  [1m[35mCOMMIT /*application='WeddingStoreBackend'*/[0m
  [1m[35m (0.2ms)[0m  [1m[34mSELECT pg_advisory_unlock(3783544589030964765) /*application='WeddingStoreBackend'*/[0m
  [1m[36mActiveRecord::SchemaMigration Load (0.1ms)[0m  [1m[34mSELECT "schema_migrations"."version" FROM "schema_migrations" ORDER BY "schema_migrations"."version" ASC /*application='WeddingStoreBackend'*/[0m
Started GET "/products" for 127.0.0.1 at 2026-02-27 12:51:18 +0530
Started GET "/products" for 127.0.0.1 at 2026-02-27 12:51:18 +0530
  [1m[36mActiveRecord::SchemaMigration Load (0.7ms)[0m  [1m[34mSELECT "schema_migrations"."version" FROM "schema_migrations" ORDER BY "schema_migrations"."version" ASC /*application='WeddingStoreBackend'*/[0m
  
ActionController::RoutingError (No route matches [GET] "/products"):
  
Processing by ProductsController#index as HTML
  [1m[36mProduct Load (40.9ms)[0m  [1m[34mSELECT "products".* FROM "products" /*action='index',application='WeddingStoreBackend',controller='products'*/[0m
  ↳ app/controllers/products_controller.rb:8:in `index'
Completed 200 OK in 69ms (Views: 3.5ms | ActiveRecord: 52.7ms (1 query, 0 cached) | GC: 11.4ms)


Started GET "/products" for 127.0.0.1 at 2026-02-27 13:04:29 +0530
Started GET "/products" for 127.0.0.1 at 2026-02-27 13:04:29 +0530
Processing by ProductsController#index as HTML
Processing by ProductsController#index as HTML
  [1m[36mProduct Load (20.6ms)[0m  [1m[34mSELECT "products".* FROM "products" /*action='index',application='WeddingStoreBackend',controller='products'*/[0m
  ↳ app/controllers/products_controller.rb:8:in `index'
Completed 200 OK in 23ms (Views: -0.8ms | ActiveRecord: 23.7ms (1 query, 0 cached) | GC: 0.0ms)


  [1m[36mProduct Load (25.3ms)[0m  [1m[34mSELECT "products".* FROM "products" /*action='index',application='WeddingStoreBackend',controller='products'*/[0m
  ↳ app/controllers/products_controller.rb:8:in `index'
Completed 200 OK in 28ms (Views: -0.7ms | ActiveRecord: 28.8ms (1 query, 0 cached) | GC: 0.2ms)


Started OPTIONS "/login" for 127.0.0.1 at 2026-02-27 13:15:53 +0530
  
ActionController::RoutingError (No route matches [OPTIONS] "/login"):
  
Started OPTIONS "/login" for 127.0.0.1 at 2026-02-27 13:15:56 +0530
  
ActionController::RoutingError (No route matches [OPTIONS] "/login"):
  
Started GET "/products" for 127.0.0.1 at 2026-02-27 13:16:38 +0530
Processing by ProductsController#index as HTML
  [1m[36mProduct Load (23.2ms)[0m  [1m[34mSELECT "products".* FROM "products" /*action='index',application='WeddingStoreBackend',controller='products'*/[0m
  ↳ app/controllers/products_controller.rb:8:in `index'
Completed 200 OK in 25ms (Views: -2.0ms | ActiveRecord: 27.1ms (1 query, 0 cached) | GC: 0.0ms)


Started GET "/products" for 127.0.0.1 at 2026-02-27 13:16:38 +0530
Processing by ProductsController#index as HTML
  [1m[36mProduct Load (0.8ms)[0m  [1m[34mSELECT "products".* FROM "products" /*action='index',application='WeddingStoreBackend',controller='products'*/[0m
  ↳ app/controllers/products_controller.rb:8:in `index'
Completed 200 OK in 4ms (Views: 2.4ms | ActiveRecord: 0.8ms (1 query, 0 cached) | GC: 0.0ms)


Started GET "/products" for 127.0.0.1 at 2026-02-27 13:16:46 +0530
Started GET "/products" for 127.0.0.1 at 2026-02-27 13:16:46 +0530
Processing by ProductsController#index as HTML
  [1m[36mProduct Load (0.5ms)[0m  [1m[34mSELECT "products".* FROM "products" /*action='index',application='WeddingStoreBackend',controller='products'*/[0m
  ↳ app/controllers/products_controller.rb:8:in `index'
Completed 200 OK in 11ms (Views: 10.3ms | ActiveRecord: 0.5ms (1 query, 0 cached) | GC: 7.8ms)


Processing by ProductsController#index as HTML
  [1m[36mProduct Load (0.4ms)[0m  [1m[34mSELECT "products".* FROM "products" /*action='index',application='WeddingStoreBackend',controller='products'*/[0m
  ↳ app/controllers/products_controller.rb:8:in `index'
Completed 200 OK in 2ms (Views: 1.6ms | ActiveRecord: 0.4ms (1 query, 0 cached) | GC: 0.0ms)


Started GET "/products" for 127.0.0.1 at 2026-02-27 13:16:52 +0530
Started GET "/products" for 127.0.0.1 at 2026-02-27 13:16:52 +0530
Processing by ProductsController#index as HTML
Processing by ProductsController#index as HTML
  [1m[36mProduct Load (2.3ms)[0m  [1m[34mSELECT "products".* FROM "products" /*action='index',application='WeddingStoreBackend',controller='products'*/[0m
  ↳ app/controllers/products_controller.rb:8:in `index'
Completed 200 OK in 5ms (Views: 2.3ms | ActiveRecord: 2.3ms (1 query, 0 cached) | GC: 0.4ms)


  [1m[36mProduct Load (25.7ms)[0m  [1m[34mSELECT "products".* FROM "products" /*action='index',application='WeddingStoreBackend',controller='products'*/[0m
  ↳ app/controllers/products_controller.rb:8:in `index'
Completed 200 OK in 28ms (Views: -2.6ms | ActiveRecord: 30.4ms (1 query, 0 cached) | GC: 0.4ms)


Started GET "/products" for 127.0.0.1 at 2026-02-27 13:17:00 +0530
Processing by ProductsController#index as HTML
Started GET "/products" for 127.0.0.1 at 2026-02-27 13:17:00 +0530
  [1m[36mProduct Load (1.0ms)[0m  [1m[34mSELECT "products".* FROM "products" /*action='index',application='WeddingStoreBackend',controller='products'*/[0m
  ↳ app/controllers/products_controller.rb:8:in `index'
Completed 200 OK in 6ms (Views: 4.4ms | ActiveRecord: 1.0ms (1 query, 0 cached) | GC: 2.4ms)


Processing by ProductsController#index as HTML
  [1m[36mProduct Load (0.5ms)[0m  [1m[34mSELECT "products".* FROM "products" /*action='index',application='WeddingStoreBackend',controller='products'*/[0m
  ↳ app/controllers/products_controller.rb:8:in `index'
Completed 200 OK in 6ms (Views: 5.3ms | ActiveRecord: 0.5ms (1 query, 0 cached) | GC: 2.7ms)


Started OPTIONS "/login" for 127.0.0.1 at 2026-02-27 13:17:07 +0530
  
ActionController::RoutingError (No route matches [OPTIONS] "/login"):
  
Started GET "/products" for 127.0.0.1 at 2026-02-27 13:17:09 +0530
Started GET "/products" for 127.0.0.1 at 2026-02-27 13:17:09 +0530
Processing by ProductsController#index as HTML
Processing by ProductsController#index as HTML
  [1m[36mProduct Load (2.3ms)[0m  [1m[34mSELECT "products".* FROM "products" /*action='index',application='WeddingStoreBackend',controller='products'*/[0m
  ↳ app/controllers/products_controller.rb:8:in `index'
Completed 200 OK in 4ms (Views: 1.9ms | ActiveRecord: 2.3ms (1 query, 0 cached) | GC: 0.0ms)


  [1m[36mProduct Load (2.2ms)[0m  [1m[34mSELECT "products".* FROM "products" /*action='index',application='WeddingStoreBackend',controller='products'*/[0m
  ↳ app/controllers/products_controller.rb:8:in `index'
Completed 200 OK in 5ms (Views: 3.0ms | ActiveRecord: 2.1ms (1 query, 0 cached) | GC: 0.0ms)


Started GET "/products" for 127.0.0.1 at 2026-02-27 13:17:20 +0530
Processing by ProductsController#index as HTML
Started GET "/products" for 127.0.0.1 at 2026-02-27 13:17:20 +0530
  [1m[36mProduct Load (1.3ms)[0m  [1m[34mSELECT "products".* FROM "products" /*action='index',application='WeddingStoreBackend',controller='products'*/[0m
  ↳ app/controllers/products_controller.rb:8:in `index'
Completed 200 OK in 4ms (Views: 2.7ms | ActiveRecord: 1.3ms (1 query, 0 cached) | GC: 0.0ms)


Processing by ProductsController#index as HTML
  [1m[36mProduct Load (0.4ms)[0m  [1m[34mSELECT "products".* FROM "products" /*action='index',application='WeddingStoreBackend',controller='products'*/[0m
  ↳ app/controllers/products_controller.rb:8:in `index'
Completed 200 OK in 3ms (Views: 2.4ms | ActiveRecord: 0.4ms (1 query, 0 cached) | GC: 0.3ms)


Started GET "/products" for 127.0.0.1 at 2026-02-27 13:17:24 +0530
Started GET "/products" for 127.0.0.1 at 2026-02-27 13:17:24 +0530
Processing by ProductsController#index as HTML
Processing by ProductsController#index as HTML
  [1m[36mProduct Load (1.1ms)[0m  [1m[34mSELECT "products".* FROM "products" /*action='index',application='WeddingStoreBackend',controller='products'*/[0m
  ↳ app/controllers/products_controller.rb:8:in `index'
Completed 200 OK in 4ms (Views: 2.7ms | ActiveRecord: 1.1ms (1 query, 0 cached) | GC: 0.2ms)


  [1m[36mProduct Load (1.5ms)[0m  [1m[34mSELECT "products".* FROM "products" /*action='index',application='WeddingStoreBackend',controller='products'*/[0m
  ↳ app/controllers/products_controller.rb:8:in `index'
Completed 200 OK in 4ms (Views: 2.1ms | ActiveRecord: 1.5ms (1 query, 0 cached) | GC: 0.3ms)


Started GET "/products" for 127.0.0.1 at 2026-02-27 13:19:28 +0530
Processing by ProductsController#index as HTML
  [1m[36mProduct Load (0.6ms)[0m  [1m[34mSELECT "products".* FROM "products" /*action='index',application='WeddingStoreBackend',controller='products'*/[0m
  ↳ app/controllers/products_controller.rb:8:in `index'
Completed 200 OK in 3ms (Views: 1.9ms | ActiveRecord: 0.6ms (1 query, 0 cached) | GC: 0.0ms)


Started GET "/products" for 127.0.0.1 at 2026-02-27 13:19:28 +0530
Processing by ProductsController#index as HTML
  [1m[36mProduct Load (0.7ms)[0m  [1m[34mSELECT "products".* FROM "products" /*action='index',application='WeddingStoreBackend',controller='products'*/[0m
  ↳ app/controllers/products_controller.rb:8:in `index'
Completed 200 OK in 6ms (Views: 5.0ms | ActiveRecord: 0.6ms (1 query, 0 cached) | GC: 0.0ms)


